# JRE version: Java(TM) SE Runtime Environment (7.0_71-b14) (build 1.7.0_71-b14)
# Java VM: Java HotSpot(TM) 64-Bit Server VM (24.71-b01 mixed mode windows-amd64 compressed oops)
Heap
 PSYoungGen      total 135680K, used 128288K [0x00000000eaa80000, 0x00000000f3680000, 0x0000000100000000)
  eden space 128000K, 100% used [0x00000000eaa80000,0x00000000f2780000,0x00000000f2780000)
  from space 7680K, 3% used [0x00000000f2f00000,0x00000000f2f48000,0x00000000f3680000)
  to   space 7680K, 45% used [0x00000000f2780000,0x00000000f2af0000,0x00000000f2f00000)
 ParOldGen       total 42496K, used 14747K [0x00000000c0000000, 0x00000000c2980000, 0x00000000eaa80000)
  object space 42496K, 34% used [0x00000000c0000000,0x00000000c0e66df0,0x00000000c2980000)
 PSPermGen       total 21504K, used 20896K [0x00000000b0000000, 0x00000000b1500000, 0x00000000c0000000)
  object space 21504K, 97% used [0x00000000b0000000,0x00000000b1468268,0x00000000b1500000)
GC Heap History (10 events):
Event: 28.007 GC heap after
Heap after GC invocations=10 (full 0):
 PSYoungGen      total 56832K, used 320K [0x00000000eaa80000, 0x00000000eea80000, 0x0000000100000000)
  eden space 49664K, 0% used [0x00000000eaa80000,0x00000000eaa80000,0x00000000edb00000)
  from space 7168K, 4% used [0x00000000ee280000,0x00000000ee2d0000,0x00000000ee980000)
  to   space 7680K, 0% used [0x00000000edb00000,0x00000000edb00000,0x00000000ee280000)
 ParOldGen       total 42496K, used 13507K [0x00000000c0000000, 0x00000000c2980000, 0x00000000eaa80000)
  object space 42496K, 31% used [0x00000000c0000000,0x00000000c0d30db0,0x00000000c2980000)
 PSPermGen       total 21504K, used 18130K [0x00000000b0000000, 0x00000000b1500000, 0x00000000c0000000)
  object space 21504K, 84% used [0x00000000b0000000,0x00000000b11b49e0,0x00000000b1500000)
}
Event: 28.211 GC heap before
{Heap before GC invocations=11 (full 0):
 PSYoungGen      total 56832K, used 49984K [0x00000000eaa80000, 0x00000000eea80000, 0x0000000100000000)
  eden space 49664K, 100% used [0x00000000eaa80000,0x00000000edb00000,0x00000000edb00000)
  from space 7168K, 4% used [0x00000000ee280000,0x00000000ee2d0000,0x00000000ee980000)
  to   space 7680K, 0% used [0x00000000edb00000,0x00000000edb00000,0x00000000ee280000)
 ParOldGen       total 42496K, used 13507K [0x00000000c0000000, 0x00000000c2980000, 0x00000000eaa80000)
  object space 42496K, 31% used [0x00000000c0000000,0x00000000c0d30db0,0x00000000c2980000)
 PSPermGen       total 21504K, used 18143K [0x00000000b0000000, 0x00000000b1500000, 0x00000000c0000000)
  object space 21504K, 84% used [0x00000000b0000000,0x00000000b11b7f98,0x00000000b1500000)
Event: 28.212 GC heap after
Heap after GC invocations=11 (full 0):
 PSYoungGen      total 57344K, used 256K [0x00000000eaa80000, 0x00000000f0780000, 0x0000000100000000)
  eden space 49664K, 0% used [0x00000000eaa80000,0x00000000eaa80000,0x00000000edb00000)
  from space 7680K, 3% used [0x00000000edb00000,0x00000000edb40000,0x00000000ee280000)
  to   space 7680K, 0% used [0x00000000f0000000,0x00000000f0000000,0x00000000f0780000)
 ParOldGen       total 42496K, used 13763K [0x00000000c0000000, 0x00000000c2980000, 0x00000000eaa80000)
  object space 42496K, 32% used [0x00000000c0000000,0x00000000c0d70db0,0x00000000c2980000)
 PSPermGen       total 21504K, used 18143K [0x00000000b0000000, 0x00000000b1500000, 0x00000000c0000000)
  object space 21504K, 84% used [0x00000000b0000000,0x00000000b11b7f98,0x00000000b1500000)
}
Event: 28.426 GC heap before
{Heap before GC invocations=12 (full 0):
 PSYoungGen      total 57344K, used 49920K [0x00000000eaa80000, 0x00000000f0780000, 0x0000000100000000)
  eden space 49664K, 100% used [0x00000000eaa80000,0x00000000edb00000,0x00000000edb00000)
  from space 7680K, 3% used [0x00000000edb00000,0x00000000edb40000,0x00000000ee280000)
  to   space 7680K, 0% used [0x00000000f0000000,0x00000000f0000000,0x00000000f0780000)
 ParOldGen       total 42496K, used 13763K [0x00000000c0000000, 0x00000000c2980000, 0x00000000eaa80000)
  object space 42496K, 32% used [0x00000000c0000000,0x00000000c0d70db0,0x00000000c2980000)
 PSPermGen       total 21504K, used 18155K [0x00000000b0000000, 0x00000000b1500000, 0x00000000c0000000)
  object space 21504K, 84% used [0x00000000b0000000,0x00000000b11baf90,0x00000000b1500000)
Event: 28.427 GC heap after
Heap after GC invocations=12 (full 0):
 PSYoungGen      total 87552K, used 352K [0x00000000eaa80000, 0x00000000f0780000, 0x0000000100000000)
  eden space 79872K, 0% used [0x00000000eaa80000,0x00000000eaa80000,0x00000000ef880000)
  from space 7680K, 4% used [0x00000000f0000000,0x00000000f0058000,0x00000000f0780000)
  to   space 7680K, 0% used [0x00000000ef880000,0x00000000ef880000,0x00000000f0000000)
 ParOldGen       total 42496K, used 13963K [0x00000000c0000000, 0x00000000c2980000, 0x00000000eaa80000)
  object space 42496K, 32% used [0x00000000c0000000,0x00000000c0da2dc0,0x00000000c2980000)
 PSPermGen       total 21504K, used 18155K [0x00000000b0000000, 0x00000000b1500000, 0x00000000c0000000)
  object space 21504K, 84% used [0x00000000b0000000,0x00000000b11baf90,0x00000000b1500000)
}
Event: 28.813 GC heap before
{Heap before GC invocations=13 (full 0):
 PSYoungGen      total 87552K, used 80224K [0x00000000eaa80000, 0x00000000f0780000, 0x0000000100000000)
  eden space 79872K, 100% used [0x00000000eaa80000,0x00000000ef880000,0x00000000ef880000)
  from space 7680K, 4% used [0x00000000f0000000,0x00000000f0058000,0x00000000f0780000)
  to   space 7680K, 0% used [0x00000000ef880000,0x00000000ef880000,0x00000000f0000000)
 ParOldGen       total 42496K, used 13963K [0x00000000c0000000, 0x00000000c2980000, 0x00000000eaa80000)
  object space 42496K, 32% used [0x00000000c0000000,0x00000000c0da2dc0,0x00000000c2980000)
 PSPermGen       total 21504K, used 18191K [0x00000000b0000000, 0x00000000b1500000, 0x00000000c0000000)
  object space 21504K, 84% used [0x00000000b0000000,0x00000000b11c3cb0,0x00000000b1500000)
Event: 28.815 GC heap after
Heap after GC invocations=13 (full 0):
 PSYoungGen      total 87552K, used 304K [0x00000000eaa80000, 0x00000000f3680000, 0x0000000100000000)
  eden space 79872K, 0% used [0x00000000eaa80000,0x00000000eaa80000,0x00000000ef880000)
  from space 7680K, 3% used [0x00000000ef880000,0x00000000ef8cc010,0x00000000f0000000)
  to   space 7680K, 0% used [0x00000000f2f00000,0x00000000f2f00000,0x00000000f3680000)
 ParOldGen       total 42496K, used 14267K [0x00000000c0000000, 0x00000000c2980000, 0x00000000eaa80000)
  object space 42496K, 33% used [0x00000000c0000000,0x00000000c0deedc0,0x00000000c2980000)
 PSPermGen       total 21504K, used 18191K [0x00000000b0000000, 0x00000000b1500000, 0x00000000c0000000)
  object space 21504K, 84% used [0x00000000b0000000,0x00000000b11c3cb0,0x00000000b1500000)
}
Event: 29.220 GC heap before
{Heap before GC invocations=14 (full 0):
 PSYoungGen      total 87552K, used 80176K [0x00000000eaa80000, 0x00000000f3680000, 0x0000000100000000)
  eden space 79872K, 100% used [0x00000000eaa80000,0x00000000ef880000,0x00000000ef880000)
  from space 7680K, 3% used [0x00000000ef880000,0x00000000ef8cc010,0x00000000f0000000)
  to   space 7680K, 0% used [0x00000000f2f00000,0x00000000f2f00000,0x00000000f3680000)
 ParOldGen       total 42496K, used 14267K [0x00000000c0000000, 0x00000000c2980000, 0x00000000eaa80000)
  object space 42496K, 33% used [0x00000000c0000000,0x00000000c0deedc0,0x00000000c2980000)
 PSPermGen       total 21504K, used 18204K [0x00000000b0000000, 0x00000000b1500000, 0x00000000c0000000)
  object space 21504K, 84% used [0x00000000b0000000,0x00000000b11c7320,0x00000000b1500000)
Event: 29.222 GC heap after
Heap after GC invocations=14 (full 0):
 PSYoungGen      total 135680K, used 288K [0x00000000eaa80000, 0x00000000f3680000, 0x0000000100000000)
  eden space 128000K, 0% used [0x00000000eaa80000,0x00000000eaa80000,0x00000000f2780000)
  from space 7680K, 3% used [0x00000000f2f00000,0x00000000f2f48000,0x00000000f3680000)
  to   space 7680K, 0% used [0x00000000f2780000,0x00000000f2780000,0x00000000f2f00000)
 ParOldGen       total 42496K, used 14515K [0x00000000c0000000, 0x00000000c2980000, 0x00000000eaa80000)
  object space 42496K, 34% used [0x00000000c0000000,0x00000000c0e2cdf0,0x00000000c2980000)
 PSPermGen       total 21504K, used 18204K [0x00000000b0000000, 0x00000000b1500000, 0x00000000c0000000)
  object space 21504K, 84% used [0x00000000b0000000,0x00000000b11c7320,0x00000000b1500000)
}
Event: 31.162 GC heap before
{Heap before GC invocations=15 (full 0):
 PSYoungGen      total 135680K, used 128288K [0x00000000eaa80000, 0x00000000f3680000, 0x0000000100000000)
  eden space 128000K, 100% used [0x00000000eaa80000,0x00000000f2780000,0x00000000f2780000)
  from space 7680K, 3% used [0x00000000f2f00000,0x00000000f2f48000,0x00000000f3680000)
  to   space 7680K, 0% used [0x00000000f2780000,0x00000000f2780000,0x00000000f2f00000)
 ParOldGen       total 42496K, used 14515K [0x00000000c0000000, 0x00000000c2980000, 0x00000000eaa80000)
  object space 42496K, 34% used [0x00000000c0000000,0x00000000c0e2cdf0,0x00000000c2980000)
 PSPermGen       total 21504K, used 20896K [0x00000000b0000000, 0x00000000b1500000, 0x00000000c0000000)
  object space 21504K, 97% used [0x00000000b0000000,0x00000000b1468268,0x00000000b1500000)

